[INFO]	2019-04-16 03:57:11,387: {'lidar_data': '2019-04-16_03-57-11', 'extra_data': '2019-04-16_03-57-11', 'frame': '2019-04-16_03-57-11', 'timestamp': '2019-04-16_03-57-11'}: HDF5 file tmp/2019-04-16_03-57-11.h5 is ready! With metadata {"exp_name": null, "buffer_size": 5, "save_dir": "tmp", "compress": false, "dataset_names": ["lidar_data", "extra_data", "frame", "timestamp"], "dataset_dtypes": {"lidar_data": "uint16", "extra_data": "float32", "frame": "uint8", "timestamp": "float32"}, "dataset_shapes": {"lidar_data": [10, 100, 110], "extra_data": [10, 100, 110], "frame": [10, 100, 110], "timestamp": []}} and datasets ["lidar_data", "extra_data", "frame", "timestamp"]
[DEBUG]	2019-04-16 03:57:11,393: Have collected 5 data, prepare to store it. Totally passed 0 data.
[DEBUG]	2019-04-16 03:57:11,394: Current dataset timestamp, appending data min 1555358231.391388, mean 1555358231.3923082, max 1555358231.3931491, standard derivative 0.0006166660114971961, shape (5,), dtype float64.
[DEBUG]	2019-04-16 03:57:11,399: Data has been appended to /timestamp with shape (5,). Current dataset timestamp shape (5,).
[DEBUG]	2019-04-16 03:57:11,399: TIMING: recorder take 0.0058231353759765625 seconds to store (5,) data.
[DEBUG]	2019-04-16 03:57:11,401: Have collected 5 data, prepare to store it. Totally passed 0 data.
[DEBUG]	2019-04-16 03:57:11,426: Current dataset lidar_data, appending data min 0.0, mean 0.0, max 0.0, standard derivative 0.0, shape (5, 10, 100, 110), dtype float64.
[DEBUG]	2019-04-16 03:57:11,434: Data has been appended to /lidar_data with shape (5, 10, 100, 110). Current dataset lidar_data shape (5, 10, 100, 110).
[DEBUG]	2019-04-16 03:57:11,435: TIMING: recorder take 0.033446550369262695 seconds to store (5, 10, 100, 110) data.
[DEBUG]	2019-04-16 03:57:11,436: Have collected 5 data, prepare to store it. Totally passed 0 data.
[DEBUG]	2019-04-16 03:57:11,456: Current dataset extra_data, appending data min 0.0, mean 0.0, max 0.0, standard derivative 0.0, shape (5, 10, 100, 110), dtype float64.
[DEBUG]	2019-04-16 03:57:11,471: Data has been appended to /extra_data with shape (5, 10, 100, 110). Current dataset extra_data shape (5, 10, 100, 110).
[DEBUG]	2019-04-16 03:57:11,483: TIMING: recorder take 0.04640769958496094 seconds to store (5, 10, 100, 110) data.
[DEBUG]	2019-04-16 03:57:11,488: Have collected 5 data, prepare to store it. Totally passed 0 data.
[DEBUG]	2019-04-16 03:57:11,506: Current dataset frame, appending data min 0.0, mean 0.0, max 0.0, standard derivative 0.0, shape (5, 10, 100, 110), dtype float64.
[DEBUG]	2019-04-16 03:57:11,515: Data has been appended to /frame with shape (5, 10, 100, 110). Current dataset frame shape (5, 10, 100, 110).
[DEBUG]	2019-04-16 03:57:11,515: TIMING: recorder take 0.02603006362915039 seconds to store (5, 10, 100, 110) data.
[DEBUG]	2019-04-16 03:57:11,519: Have collected 5 data, prepare to store it. Totally passed 5 data.
[DEBUG]	2019-04-16 03:57:11,521: Current dataset timestamp, appending data min 1555358231.5175414, mean 1555358231.5187366, max 1555358231.5197835, standard derivative 0.0008439393208994153, shape (5,), dtype float64.
[DEBUG]	2019-04-16 03:57:11,525: Data has been appended to /timestamp with shape (5,). Current dataset timestamp shape (5,).
[DEBUG]	2019-04-16 03:57:11,525: TIMING: recorder take 0.005375385284423828 seconds to store (5,) data.
[DEBUG]	2019-04-16 03:57:11,527: Have collected 5 data, prepare to store it. Totally passed 5 data.
[DEBUG]	2019-04-16 03:57:11,557: Current dataset lidar_data, appending data min 0.0, mean 5e-324, max 6.6719e-319, standard derivative 0.0, shape (5, 10, 100, 110), dtype float64.
[DEBUG]	2019-04-16 03:57:11,560: Data has been appended to /lidar_data with shape (5, 10, 100, 110). Current dataset lidar_data shape (5, 10, 100, 110).
[DEBUG]	2019-04-16 03:57:11,560: TIMING: recorder take 0.03307485580444336 seconds to store (5, 10, 100, 110) data.
[DEBUG]	2019-04-16 03:57:11,562: Have collected 5 data, prepare to store it. Totally passed 5 data.
[DEBUG]	2019-04-16 03:57:11,582: Current dataset extra_data, appending data min 0.0, mean 5e-324, max 6.66875e-319, standard derivative 0.0, shape (5, 10, 100, 110), dtype float64.
[DEBUG]	2019-04-16 03:57:11,585: Data has been appended to /extra_data with shape (5, 10, 100, 110). Current dataset extra_data shape (5, 10, 100, 110).
[DEBUG]	2019-04-16 03:57:11,586: TIMING: recorder take 0.024019718170166016 seconds to store (5, 10, 100, 110) data.
[DEBUG]	2019-04-16 03:57:11,588: Have collected 5 data, prepare to store it. Totally passed 5 data.
[DEBUG]	2019-04-16 03:57:11,607: Current dataset frame, appending data min 0.0, mean 5e-324, max 6.64345e-319, standard derivative 0.0, shape (5, 10, 100, 110), dtype float64.
[DEBUG]	2019-04-16 03:57:11,610: Data has been appended to /frame with shape (5, 10, 100, 110). Current dataset frame shape (5, 10, 100, 110).
[DEBUG]	2019-04-16 03:57:11,611: TIMING: recorder take 0.02251911163330078 seconds to store (5, 10, 100, 110) data.
[DEBUG]	2019-04-16 03:57:11,614: Have collected 5 data, prepare to store it. Totally passed 10 data.
[DEBUG]	2019-04-16 03:57:11,615: Current dataset timestamp, appending data min 1555358231.6124625, mean 1555358231.6132464, max 1555358231.6140203, standard derivative 0.0005482961261767571, shape (5,), dtype float64.
[DEBUG]	2019-04-16 03:57:11,617: Data has been appended to /timestamp with shape (5,). Current dataset timestamp shape (5,).
[DEBUG]	2019-04-16 03:57:11,618: TIMING: recorder take 0.0034813880920410156 seconds to store (5,) data.
[DEBUG]	2019-04-16 03:57:11,618: Have collected 5 data, prepare to store it. Totally passed 10 data.
[DEBUG]	2019-04-16 03:57:11,638: Current dataset lidar_data, appending data min 0.0, mean 8.926455687e-315, max 6.9276868887546e-310, standard derivative 0.0, shape (5, 10, 100, 110), dtype float64.
[DEBUG]	2019-04-16 03:57:11,640: Data has been appended to /lidar_data with shape (5, 10, 100, 110). Current dataset lidar_data shape (5, 10, 100, 110).
[DEBUG]	2019-04-16 03:57:11,641: TIMING: recorder take 0.022194623947143555 seconds to store (5, 10, 100, 110) data.
[DEBUG]	2019-04-16 03:57:11,642: Have collected 5 data, prepare to store it. Totally passed 10 data.
[DEBUG]	2019-04-16 03:57:11,660: Current dataset extra_data, appending data min 0.0, mean 7.22270539e-315, max 6.9276868888534e-310, standard derivative 0.0, shape (5, 10, 100, 110), dtype float64.
[DEBUG]	2019-04-16 03:57:11,662: Data has been appended to /extra_data with shape (5, 10, 100, 110). Current dataset extra_data shape (5, 10, 100, 110).
[DEBUG]	2019-04-16 03:57:11,663: TIMING: recorder take 0.01991415023803711 seconds to store (5, 10, 100, 110) data.
[DEBUG]	2019-04-16 03:57:11,664: Have collected 5 data, prepare to store it. Totally passed 10 data.
[DEBUG]	2019-04-16 03:57:11,684: Current dataset frame, appending data min 0.0, mean 5.03831778e-315, max 6.9276868887546e-310, standard derivative 0.0, shape (5, 10, 100, 110), dtype float64.
[DEBUG]	2019-04-16 03:57:11,689: Data has been appended to /frame with shape (5, 10, 100, 110). Current dataset frame shape (5, 10, 100, 110).
[DEBUG]	2019-04-16 03:57:11,690: TIMING: recorder take 0.02546381950378418 seconds to store (5, 10, 100, 110) data.
[DEBUG]	2019-04-16 03:57:11,694: Have collected 5 data, prepare to store it. Totally passed 15 data.
[DEBUG]	2019-04-16 03:57:11,696: Current dataset timestamp, appending data min 1555358231.6923525, mean 1555358231.6936197, max 1555358231.6948106, standard derivative 0.0008639821338296365, shape (5,), dtype float64.
[DEBUG]	2019-04-16 03:57:11,701: Data has been appended to /timestamp with shape (5,). Current dataset timestamp shape (10,).
[DEBUG]	2019-04-16 03:57:11,702: TIMING: recorder take 0.00649261474609375 seconds to store (5,) data.
[DEBUG]	2019-04-16 03:57:11,703: Have collected 5 data, prepare to store it. Totally passed 15 data.
[DEBUG]	2019-04-16 03:57:11,724: Current dataset lidar_data, appending data min 0.0, mean 1.229748984e-314, max 6.9276868888534e-310, standard derivative 0.0, shape (5, 10, 100, 110), dtype float64.
[DEBUG]	2019-04-16 03:57:11,727: Data has been appended to /lidar_data with shape (5, 10, 100, 110). Current dataset lidar_data shape (10, 10, 100, 110).
[DEBUG]	2019-04-16 03:57:11,728: TIMING: recorder take 0.024158954620361328 seconds to store (5, 10, 100, 110) data.
[DEBUG]	2019-04-16 03:57:11,729: Have collected 5 data, prepare to store it. Totally passed 15 data.
[DEBUG]	2019-04-16 03:57:11,762: Current dataset extra_data, appending data min 0.0, mean 1.3964773617e-314, max 6.9276868887546e-310, standard derivative 0.0, shape (5, 10, 100, 110), dtype float64.
[DEBUG]	2019-04-16 03:57:11,765: Data has been appended to /extra_data with shape (5, 10, 100, 110). Current dataset extra_data shape (10, 10, 100, 110).
[DEBUG]	2019-04-16 03:57:11,765: TIMING: recorder take 0.03609323501586914 seconds to store (5, 10, 100, 110) data.
[DEBUG]	2019-04-16 03:57:11,772: Have collected 5 data, prepare to store it. Totally passed 15 data.
[DEBUG]	2019-04-16 03:57:11,794: Current dataset frame, appending data min 0.0, mean 1.3076431827e-314, max 6.9276868887546e-310, standard derivative 0.0, shape (5, 10, 100, 110), dtype float64.
[DEBUG]	2019-04-16 03:57:11,797: Data has been appended to /frame with shape (5, 10, 100, 110). Current dataset frame shape (10, 10, 100, 110).
[DEBUG]	2019-04-16 03:57:11,798: TIMING: recorder take 0.0245513916015625 seconds to store (5, 10, 100, 110) data.
[DEBUG]	2019-04-16 03:57:11,800: Have collected 5 data, prepare to store it. Totally passed 20 data.
[DEBUG]	2019-04-16 03:57:11,806: Current dataset timestamp, appending data min 1555358231.7992847, mean 1555358231.800017, max 1555358231.8007455, standard derivative 0.0005116611911379315, shape (5,), dtype float64.
[DEBUG]	2019-04-16 03:57:11,809: Data has been appended to /timestamp with shape (5,). Current dataset timestamp shape (15,).
[DEBUG]	2019-04-16 03:57:11,809: TIMING: recorder take 0.008350849151611328 seconds to store (5,) data.
[DEBUG]	2019-04-16 03:57:11,810: Have collected 5 data, prepare to store it. Totally passed 20 data.
[DEBUG]	2019-04-16 03:57:11,832: Current dataset lidar_data, appending data min 0.0, mean 1.1445614874e-314, max 6.9276868888534e-310, standard derivative 0.0, shape (5, 10, 100, 110), dtype float64.
[DEBUG]	2019-04-16 03:57:11,840: Data has been appended to /lidar_data with shape (5, 10, 100, 110). Current dataset lidar_data shape (15, 10, 100, 110).
[DEBUG]	2019-04-16 03:57:11,841: TIMING: recorder take 0.030579090118408203 seconds to store (5, 10, 100, 110) data.
[DEBUG]	2019-04-16 03:57:11,842: Have collected 5 data, prepare to store it. Totally passed 20 data.
[DEBUG]	2019-04-16 03:57:11,861: Current dataset extra_data, appending data min 0.0, mean 1.4780182523e-314, max 6.9276868887546e-310, standard derivative 0.0, shape (5, 10, 100, 110), dtype float64.
[DEBUG]	2019-04-16 03:57:11,871: Data has been appended to /extra_data with shape (5, 10, 100, 110). Current dataset extra_data shape (15, 10, 100, 110).
[DEBUG]	2019-04-16 03:57:11,872: TIMING: recorder take 0.029726266860961914 seconds to store (5, 10, 100, 110) data.
[DEBUG]	2019-04-16 03:57:11,874: Have collected 5 data, prepare to store it. Totally passed 20 data.
[DEBUG]	2019-04-16 03:57:11,899: Current dataset frame, appending data min 0.0, mean 1.270519405e-314, max 6.9276868888534e-310, standard derivative 0.0, shape (5, 10, 100, 110), dtype float64.
[DEBUG]	2019-04-16 03:57:11,909: Data has been appended to /frame with shape (5, 10, 100, 110). Current dataset frame shape (15, 10, 100, 110).
[DEBUG]	2019-04-16 03:57:11,909: TIMING: recorder take 0.03479266166687012 seconds to store (5, 10, 100, 110) data.
[DEBUG]	2019-04-16 03:57:11,912: Have collected 5 data, prepare to store it. Totally passed 25 data.
[DEBUG]	2019-04-16 03:57:11,913: Current dataset timestamp, appending data min 1555358231.9109788, mean 1555358231.911738, max 1555358231.9124844, standard derivative 0.0005313507841644631, shape (5,), dtype float64.
[DEBUG]	2019-04-16 03:57:11,923: Data has been appended to /timestamp with shape (5,). Current dataset timestamp shape (20,).
[DEBUG]	2019-04-16 03:57:11,924: TIMING: recorder take 0.011102676391601562 seconds to store (5,) data.
[DEBUG]	2019-04-16 03:57:11,924: Have collected 5 data, prepare to store it. Totally passed 25 data.
[DEBUG]	2019-04-16 03:57:11,948: Current dataset lidar_data, appending data min 0.0, mean 1.1853318863e-314, max 6.9276868888534e-310, standard derivative 0.0, shape (5, 10, 100, 110), dtype float64.
[DEBUG]	2019-04-16 03:57:11,951: Data has been appended to /lidar_data with shape (5, 10, 100, 110). Current dataset lidar_data shape (20, 10, 100, 110).
[DEBUG]	2019-04-16 03:57:11,951: TIMING: recorder take 0.026454687118530273 seconds to store (5, 10, 100, 110) data.
[DEBUG]	2019-04-16 03:57:11,953: Have collected 5 data, prepare to store it. Totally passed 25 data.
[DEBUG]	2019-04-16 03:57:11,981: Current dataset extra_data, appending data min 0.0, mean 1.907602484e-314, max 6.9276868888534e-310, standard derivative 0.0, shape (5, 10, 100, 110), dtype float64.
[DEBUG]	2019-04-16 03:57:11,984: Data has been appended to /extra_data with shape (5, 10, 100, 110). Current dataset extra_data shape (20, 10, 100, 110).
[DEBUG]	2019-04-16 03:57:11,985: TIMING: recorder take 0.03125429153442383 seconds to store (5, 10, 100, 110) data.
[DEBUG]	2019-04-16 03:57:11,986: Have collected 5 data, prepare to store it. Totally passed 25 data.
[DEBUG]	2019-04-16 03:57:12,005: Current dataset frame, appending data min 0.0, mean 1.56320575e-314, max 6.9276868887546e-310, standard derivative 0.0, shape (5, 10, 100, 110), dtype float64.
[DEBUG]	2019-04-16 03:57:12,009: Data has been appended to /frame with shape (5, 10, 100, 110). Current dataset frame shape (20, 10, 100, 110).
[DEBUG]	2019-04-16 03:57:12,009: TIMING: recorder take 0.022637367248535156 seconds to store (5, 10, 100, 110) data.
[DEBUG]	2019-04-16 03:57:12,013: Have collected 5 data, prepare to store it. Totally passed 30 data.
[DEBUG]	2019-04-16 03:57:12,014: Current dataset timestamp, appending data min 1555358232.011441, mean 1555358232.012232, max 1555358232.0129998, standard derivative 0.0005541951226386864, shape (5,), dtype float64.
[DEBUG]	2019-04-16 03:57:12,016: Data has been appended to /timestamp with shape (5,). Current dataset timestamp shape (25,).
[DEBUG]	2019-04-16 03:57:12,017: TIMING: recorder take 0.003733396530151367 seconds to store (5,) data.
[DEBUG]	2019-04-16 03:57:12,018: Have collected 5 data, prepare to store it. Totally passed 30 data.
[DEBUG]	2019-04-16 03:57:12,039: Current dataset lidar_data, appending data min 0.0, mean 1.777997871e-314, max 6.9276868888534e-310, standard derivative 0.0, shape (5, 10, 100, 110), dtype float64.
[DEBUG]	2019-04-16 03:57:12,042: Data has been appended to /lidar_data with shape (5, 10, 100, 110). Current dataset lidar_data shape (25, 10, 100, 110).
[DEBUG]	2019-04-16 03:57:12,043: TIMING: recorder take 0.024718523025512695 seconds to store (5, 10, 100, 110) data.
[DEBUG]	2019-04-16 03:57:12,045: Have collected 5 data, prepare to store it. Totally passed 30 data.
[DEBUG]	2019-04-16 03:57:12,070: Current dataset extra_data, appending data min 0.0, mean 1.6483932755e-314, max 6.9276868887546e-310, standard derivative 0.0, shape (5, 10, 100, 110), dtype float64.
[DEBUG]	2019-04-16 03:57:12,074: Data has been appended to /extra_data with shape (5, 10, 100, 110). Current dataset extra_data shape (25, 10, 100, 110).
[DEBUG]	2019-04-16 03:57:12,074: TIMING: recorder take 0.029019594192504883 seconds to store (5, 10, 100, 110) data.
[DEBUG]	2019-04-16 03:57:12,076: Have collected 5 data, prepare to store it. Totally passed 30 data.
[DEBUG]	2019-04-16 03:57:12,096: Current dataset frame, appending data min 0.0, mean 1.866832054e-314, max 6.9276868887546e-310, standard derivative 0.0, shape (5, 10, 100, 110), dtype float64.
[DEBUG]	2019-04-16 03:57:12,098: Data has been appended to /frame with shape (5, 10, 100, 110). Current dataset frame shape (25, 10, 100, 110).
[DEBUG]	2019-04-16 03:57:12,099: TIMING: recorder take 0.022600889205932617 seconds to store (5, 10, 100, 110) data.
[DEBUG]	2019-04-16 03:57:12,102: Have collected 5 data, prepare to store it. Totally passed 35 data.
[DEBUG]	2019-04-16 03:57:12,103: Current dataset timestamp, appending data min 1555358232.1004303, mean 1555358232.1012468, max 1555358232.1021926, standard derivative 0.0006285719617367315, shape (5,), dtype float64.
[DEBUG]	2019-04-16 03:57:12,106: Data has been appended to /timestamp with shape (5,). Current dataset timestamp shape (30,).
[DEBUG]	2019-04-16 03:57:12,106: TIMING: recorder take 0.0036711692810058594 seconds to store (5,) data.
[DEBUG]	2019-04-16 03:57:12,106: Have collected 5 data, prepare to store it. Totally passed 35 data.
[DEBUG]	2019-04-16 03:57:12,124: Current dataset lidar_data, appending data min 0.0, mean 1.8260616434e-314, max 6.9276868888534e-310, standard derivative 0.0, shape (5, 10, 100, 110), dtype float64.
[DEBUG]	2019-04-16 03:57:12,127: Data has been appended to /lidar_data with shape (5, 10, 100, 110). Current dataset lidar_data shape (30, 10, 100, 110).
[DEBUG]	2019-04-16 03:57:12,127: TIMING: recorder take 0.020397186279296875 seconds to store (5, 10, 100, 110) data.
[DEBUG]	2019-04-16 03:57:12,129: Have collected 5 data, prepare to store it. Totally passed 35 data.
[DEBUG]	2019-04-16 03:57:12,157: Current dataset extra_data, appending data min 0.0, mean 2.0706842e-314, max 6.9276868888534e-310, standard derivative 0.0, shape (5, 10, 100, 110), dtype float64.
[DEBUG]	2019-04-16 03:57:12,160: Data has been appended to /extra_data with shape (5, 10, 100, 110). Current dataset extra_data shape (30, 10, 100, 110).
[DEBUG]	2019-04-16 03:57:12,160: TIMING: recorder take 0.030589818954467773 seconds to store (5, 10, 100, 110) data.
[DEBUG]	2019-04-16 03:57:12,161: Have collected 5 data, prepare to store it. Totally passed 35 data.
[DEBUG]	2019-04-16 03:57:12,179: Current dataset frame, appending data min 0.0, mean 1.566852417e-314, max 6.9276868887546e-310, standard derivative 0.0, shape (5, 10, 100, 110), dtype float64.
[DEBUG]	2019-04-16 03:57:12,184: Data has been appended to /frame with shape (5, 10, 100, 110). Current dataset frame shape (30, 10, 100, 110).
[DEBUG]	2019-04-16 03:57:12,184: TIMING: recorder take 0.022611618041992188 seconds to store (5, 10, 100, 110) data.
[DEBUG]	2019-04-16 03:57:12,187: Have collected 5 data, prepare to store it. Totally passed 40 data.
[DEBUG]	2019-04-16 03:57:12,191: Current dataset timestamp, appending data min 1555358232.1860425, mean 1555358232.186793, max 1555358232.1875234, standard derivative 0.0005219947826776804, shape (5,), dtype float64.
[DEBUG]	2019-04-16 03:57:12,197: Data has been appended to /timestamp with shape (5,). Current dataset timestamp shape (35,).
[DEBUG]	2019-04-16 03:57:12,198: TIMING: recorder take 0.006866931915283203 seconds to store (5,) data.
[DEBUG]	2019-04-16 03:57:12,198: Have collected 5 data, prepare to store it. Totally passed 40 data.
[DEBUG]	2019-04-16 03:57:12,218: Current dataset lidar_data, appending data min 0.0, mean 1.5260819845e-314, max 6.9276868888534e-310, standard derivative 0.0, shape (5, 10, 100, 110), dtype float64.
[DEBUG]	2019-04-16 03:57:12,221: Data has been appended to /lidar_data with shape (5, 10, 100, 110). Current dataset lidar_data shape (35, 10, 100, 110).
[DEBUG]	2019-04-16 03:57:12,222: TIMING: recorder take 0.022667646408081055 seconds to store (5, 10, 100, 110) data.
[DEBUG]	2019-04-16 03:57:12,223: Have collected 5 data, prepare to store it. Totally passed 40 data.
[DEBUG]	2019-04-16 03:57:12,244: Current dataset extra_data, appending data min 0.0, mean 2.2483525863e-314, max 6.9276868888534e-310, standard derivative 0.0, shape (5, 10, 100, 110), dtype float64.
[DEBUG]	2019-04-16 03:57:12,249: Data has been appended to /extra_data with shape (5, 10, 100, 110). Current dataset extra_data shape (35, 10, 100, 110).
[DEBUG]	2019-04-16 03:57:12,249: TIMING: recorder take 0.02579808235168457 seconds to store (5, 10, 100, 110) data.
[DEBUG]	2019-04-16 03:57:12,251: Have collected 5 data, prepare to store it. Totally passed 40 data.
[DEBUG]	2019-04-16 03:57:12,272: Current dataset frame, appending data min 0.0, mean 1.989143362e-314, max 6.9276868887546e-310, standard derivative 0.0, shape (5, 10, 100, 110), dtype float64.
[DEBUG]	2019-04-16 03:57:12,275: Data has been appended to /frame with shape (5, 10, 100, 110). Current dataset frame shape (35, 10, 100, 110).
[DEBUG]	2019-04-16 03:57:12,275: TIMING: recorder take 0.02413797378540039 seconds to store (5, 10, 100, 110) data.
[DEBUG]	2019-04-16 03:57:12,279: Have collected 5 data, prepare to store it. Totally passed 45 data.
[DEBUG]	2019-04-16 03:57:12,280: Current dataset timestamp, appending data min 1555358232.2775724, mean 1555358232.2784054, max 1555358232.2791872, standard derivative 0.0005698017492393012, shape (5,), dtype float64.
[DEBUG]	2019-04-16 03:57:12,283: Data has been appended to /timestamp with shape (5,). Current dataset timestamp shape (40,).
[DEBUG]	2019-04-16 03:57:12,283: TIMING: recorder take 0.003916263580322266 seconds to store (5,) data.
[DEBUG]	2019-04-16 03:57:12,284: Have collected 5 data, prepare to store it. Totally passed 45 data.
[DEBUG]	2019-04-16 03:57:12,306: Current dataset lidar_data, appending data min 0.0, mean 1.777997891e-314, max 6.9276868888534e-310, standard derivative 0.0, shape (5, 10, 100, 110), dtype float64.
[DEBUG]	2019-04-16 03:57:12,308: Data has been appended to /lidar_data with shape (5, 10, 100, 110). Current dataset lidar_data shape (40, 10, 100, 110).
[DEBUG]	2019-04-16 03:57:12,309: TIMING: recorder take 0.02449822425842285 seconds to store (5, 10, 100, 110) data.
[DEBUG]	2019-04-16 03:57:12,310: Have collected 5 data, prepare to store it. Totally passed 45 data.
[DEBUG]	2019-04-16 03:57:12,330: Current dataset extra_data, appending data min 0.0, mean 1.9483729467e-314, max 6.9276868888534e-310, standard derivative 0.0, shape (5, 10, 100, 110), dtype float64.
[DEBUG]	2019-04-16 03:57:12,332: Data has been appended to /extra_data with shape (5, 10, 100, 110). Current dataset extra_data shape (40, 10, 100, 110).
[DEBUG]	2019-04-16 03:57:12,333: TIMING: recorder take 0.022228479385375977 seconds to store (5, 10, 100, 110) data.
[DEBUG]	2019-04-16 03:57:12,334: Have collected 5 data, prepare to store it. Totally passed 45 data.
[DEBUG]	2019-04-16 03:57:12,355: Current dataset frame, appending data min 0.0, mean 2.0372071065e-314, max 6.9276868887546e-310, standard derivative 0.0, shape (5, 10, 100, 110), dtype float64.
[DEBUG]	2019-04-16 03:57:12,360: Data has been appended to /frame with shape (5, 10, 100, 110). Current dataset frame shape (40, 10, 100, 110).
[DEBUG]	2019-04-16 03:57:12,360: TIMING: recorder take 0.0253145694732666 seconds to store (5, 10, 100, 110) data.
[DEBUG]	2019-04-16 03:57:12,363: Have collected 5 data, prepare to store it. Totally passed 50 data.
[DEBUG]	2019-04-16 03:57:12,364: Current dataset timestamp, appending data min 1555358232.3620265, mean 1555358232.3627534, max 1555358232.3634968, standard derivative 0.000512601264685773, shape (5,), dtype float64.
[DEBUG]	2019-04-16 03:57:12,367: Data has been appended to /timestamp with shape (5,). Current dataset timestamp shape (45,).
[DEBUG]	2019-04-16 03:57:12,367: TIMING: recorder take 0.003920793533325195 seconds to store (5,) data.
[DEBUG]	2019-04-16 03:57:12,368: Have collected 5 data, prepare to store it. Totally passed 50 data.
[DEBUG]	2019-04-16 03:57:12,385: Current dataset lidar_data, appending data min 0.0, mean 1.8595387183e-314, max 6.9276868888534e-310, standard derivative 0.0, shape (5, 10, 100, 110), dtype float64.
[DEBUG]	2019-04-16 03:57:12,388: Data has been appended to /lidar_data with shape (5, 10, 100, 110). Current dataset lidar_data shape (45, 10, 100, 110).
[DEBUG]	2019-04-16 03:57:12,388: TIMING: recorder take 0.019811153411865234 seconds to store (5, 10, 100, 110) data.
[DEBUG]	2019-04-16 03:57:12,389: Have collected 5 data, prepare to store it. Totally passed 50 data.
[DEBUG]	2019-04-16 03:57:12,409: Current dataset extra_data, appending data min 0.0, mean 1.9483729023e-314, max 6.9276868888534e-310, standard derivative 0.0, shape (5, 10, 100, 110), dtype float64.
[DEBUG]	2019-04-16 03:57:12,413: Data has been appended to /extra_data with shape (5, 10, 100, 110). Current dataset extra_data shape (45, 10, 100, 110).
[DEBUG]	2019-04-16 03:57:12,414: TIMING: recorder take 0.023889780044555664 seconds to store (5, 10, 100, 110) data.
[DEBUG]	2019-04-16 03:57:12,415: Have collected 5 data, prepare to store it. Totally passed 50 data.
[DEBUG]	2019-04-16 03:57:12,437: Current dataset frame, appending data min 0.0, mean 2.3779571696e-314, max 6.9276868888534e-310, standard derivative 0.0, shape (5, 10, 100, 110), dtype float64.
[DEBUG]	2019-04-16 03:57:12,439: Data has been appended to /frame with shape (5, 10, 100, 110). Current dataset frame shape (45, 10, 100, 110).
[DEBUG]	2019-04-16 03:57:12,440: TIMING: recorder take 0.024103164672851562 seconds to store (5, 10, 100, 110) data.
[DEBUG]	2019-04-16 03:57:12,443: Have collected 5 data, prepare to store it. Totally passed 55 data.
[DEBUG]	2019-04-16 03:57:12,444: Current dataset timestamp, appending data min 1555358232.442199, mean 1555358232.442968, max 1555358232.4437335, standard derivative 0.0005370050652094253, shape (5,), dtype float64.
[DEBUG]	2019-04-16 03:57:12,447: Data has been appended to /timestamp with shape (5,). Current dataset timestamp shape (50,).
[DEBUG]	2019-04-16 03:57:12,448: TIMING: recorder take 0.003926515579223633 seconds to store (5,) data.
[DEBUG]	2019-04-16 03:57:12,448: Have collected 5 data, prepare to store it. Totally passed 55 data.
[DEBUG]	2019-04-16 03:57:12,468: Current dataset lidar_data, appending data min 0.0, mean 2.329893413e-314, max 6.9276868888534e-310, standard derivative 0.0, shape (5, 10, 100, 110), dtype float64.
[DEBUG]	2019-04-16 03:57:12,471: Data has been appended to /lidar_data with shape (5, 10, 100, 110). Current dataset lidar_data shape (50, 10, 100, 110).
[DEBUG]	2019-04-16 03:57:12,471: TIMING: recorder take 0.0223996639251709 seconds to store (5, 10, 100, 110) data.
[DEBUG]	2019-04-16 03:57:12,473: Have collected 5 data, prepare to store it. Totally passed 55 data.
[DEBUG]	2019-04-16 03:57:12,490: Current dataset extra_data, appending data min 0.0, mean 1.7372274846e-314, max 6.9276868887546e-310, standard derivative 0.0, shape (5, 10, 100, 110), dtype float64.
[DEBUG]	2019-04-16 03:57:12,493: Data has been appended to /extra_data with shape (5, 10, 100, 110). Current dataset extra_data shape (50, 10, 100, 110).
[DEBUG]	2019-04-16 03:57:12,493: TIMING: recorder take 0.020318269729614258 seconds to store (5, 10, 100, 110) data.
[DEBUG]	2019-04-16 03:57:12,495: Have collected 5 data, prepare to store it. Totally passed 55 data.
[DEBUG]	2019-04-16 03:57:12,516: Current dataset frame, appending data min 0.0, mean 1.9891433555e-314, max 6.9276868888534e-310, standard derivative 0.0, shape (5, 10, 100, 110), dtype float64.
[DEBUG]	2019-04-16 03:57:12,518: Data has been appended to /frame with shape (5, 10, 100, 110). Current dataset frame shape (50, 10, 100, 110).
[DEBUG]	2019-04-16 03:57:12,519: TIMING: recorder take 0.02294445037841797 seconds to store (5, 10, 100, 110) data.
[DEBUG]	2019-04-16 03:57:12,521: Have collected 5 data, prepare to store it. Totally passed 60 data.
[DEBUG]	2019-04-16 03:57:12,522: Current dataset timestamp, appending data min 1555358232.5200791, mean 1555358232.5207705, max 1555358232.5214608, standard derivative 0.00048636049598096677, shape (5,), dtype float64.
[DEBUG]	2019-04-16 03:57:12,524: Data has been appended to /timestamp with shape (5,). Current dataset timestamp shape (55,).
[DEBUG]	2019-04-16 03:57:12,525: TIMING: recorder take 0.0030786991119384766 seconds to store (5,) data.
[DEBUG]	2019-04-16 03:57:12,525: Have collected 5 data, prepare to store it. Totally passed 60 data.
[DEBUG]	2019-04-16 03:57:12,544: Current dataset lidar_data, appending data min 0.0, mean 1.818768308e-314, max 6.9276868888534e-310, standard derivative 0.0, shape (5, 10, 100, 110), dtype float64.
[DEBUG]	2019-04-16 03:57:12,547: Data has been appended to /lidar_data with shape (5, 10, 100, 110). Current dataset lidar_data shape (55, 10, 100, 110).
[DEBUG]	2019-04-16 03:57:12,547: TIMING: recorder take 0.021599292755126953 seconds to store (5, 10, 100, 110) data.
[DEBUG]	2019-04-16 03:57:12,548: Have collected 5 data, prepare to store it. Totally passed 60 data.
[DEBUG]	2019-04-16 03:57:12,566: Current dataset extra_data, appending data min 0.0, mean 2.0372071297e-314, max 6.9276868887546e-310, standard derivative 0.0, shape (5, 10, 100, 110), dtype float64.
[DEBUG]	2019-04-16 03:57:12,569: Data has been appended to /extra_data with shape (5, 10, 100, 110). Current dataset extra_data shape (55, 10, 100, 110).
[DEBUG]	2019-04-16 03:57:12,569: TIMING: recorder take 0.020076274871826172 seconds to store (5, 10, 100, 110) data.
[DEBUG]	2019-04-16 03:57:12,570: Have collected 5 data, prepare to store it. Totally passed 60 data.
[DEBUG]	2019-04-16 03:57:12,588: Current dataset frame, appending data min 0.0, mean 2.1595183816e-314, max 6.9276868887546e-310, standard derivative 0.0, shape (5, 10, 100, 110), dtype float64.
[DEBUG]	2019-04-16 03:57:12,592: Data has been appended to /frame with shape (5, 10, 100, 110). Current dataset frame shape (55, 10, 100, 110).
[DEBUG]	2019-04-16 03:57:12,592: TIMING: recorder take 0.021720409393310547 seconds to store (5, 10, 100, 110) data.
[DEBUG]	2019-04-16 03:57:12,595: Have collected 5 data, prepare to store it. Totally passed 65 data.
[DEBUG]	2019-04-16 03:57:12,596: Current dataset timestamp, appending data min 1555358232.5937698, mean 1555358232.5944767, max 1555358232.5951612, standard derivative 0.0004898849383537045, shape (5,), dtype float64.
[DEBUG]	2019-04-16 03:57:12,598: Data has been appended to /timestamp with shape (5,). Current dataset timestamp shape (60,).
[DEBUG]	2019-04-16 03:57:12,598: TIMING: recorder take 0.002997875213623047 seconds to store (5,) data.
[DEBUG]	2019-04-16 03:57:12,599: Have collected 5 data, prepare to store it. Totally passed 65 data.
[DEBUG]	2019-04-16 03:57:12,615: Current dataset lidar_data, appending data min 0.0, mean 2.029913771e-314, max 6.9276868888534e-310, standard derivative 0.0, shape (5, 10, 100, 110), dtype float64.
[DEBUG]	2019-04-16 03:57:12,618: Data has been appended to /lidar_data with shape (5, 10, 100, 110). Current dataset lidar_data shape (60, 10, 100, 110).
[DEBUG]	2019-04-16 03:57:12,618: TIMING: recorder take 0.019065380096435547 seconds to store (5, 10, 100, 110) data.
[DEBUG]	2019-04-16 03:57:12,619: Have collected 5 data, prepare to store it. Totally passed 65 data.
[DEBUG]	2019-04-16 03:57:12,637: Current dataset extra_data, appending data min 0.0, mean 1.7779978815e-314, max 6.9276868888534e-310, standard derivative 0.0, shape (5, 10, 100, 110), dtype float64.
[DEBUG]	2019-04-16 03:57:12,639: Data has been appended to /extra_data with shape (5, 10, 100, 110). Current dataset extra_data shape (60, 10, 100, 110).
[DEBUG]	2019-04-16 03:57:12,640: TIMING: recorder take 0.01971268653869629 seconds to store (5, 10, 100, 110) data.
[DEBUG]	2019-04-16 03:57:12,641: Have collected 5 data, prepare to store it. Totally passed 65 data.
[DEBUG]	2019-04-16 03:57:12,657: Current dataset frame, appending data min 0.0, mean 2.459498016e-314, max 6.9276868887546e-310, standard derivative 0.0, shape (5, 10, 100, 110), dtype float64.
[DEBUG]	2019-04-16 03:57:12,660: Data has been appended to /frame with shape (5, 10, 100, 110). Current dataset frame shape (60, 10, 100, 110).
[DEBUG]	2019-04-16 03:57:12,661: TIMING: recorder take 0.019678354263305664 seconds to store (5, 10, 100, 110) data.
[DEBUG]	2019-04-16 03:57:12,664: Have collected 5 data, prepare to store it. Totally passed 70 data.
[DEBUG]	2019-04-16 03:57:12,665: Current dataset timestamp, appending data min 1555358232.6625953, mean 1555358232.6633406, max 1555358232.6640587, standard derivative 0.0005158779216183812, shape (5,), dtype float64.
[DEBUG]	2019-04-16 03:57:12,667: Data has been appended to /timestamp with shape (5,). Current dataset timestamp shape (65,).
[DEBUG]	2019-04-16 03:57:12,667: TIMING: recorder take 0.003181934356689453 seconds to store (5,) data.
[DEBUG]	2019-04-16 03:57:12,668: Have collected 5 data, prepare to store it. Totally passed 70 data.
[DEBUG]	2019-04-16 03:57:12,687: Current dataset lidar_data, appending data min 0.0, mean 2.3298934053e-314, max 6.9276868888534e-310, standard derivative 0.0, shape (5, 10, 100, 110), dtype float64.
[DEBUG]	2019-04-16 03:57:12,689: Data has been appended to /lidar_data with shape (5, 10, 100, 110). Current dataset lidar_data shape (65, 10, 100, 110).
[DEBUG]	2019-04-16 03:57:12,690: TIMING: recorder take 0.021406173706054688 seconds to store (5, 10, 100, 110) data.
[DEBUG]	2019-04-16 03:57:12,691: Have collected 5 data, prepare to store it. Totally passed 70 data.
[DEBUG]	2019-04-16 03:57:12,707: Current dataset extra_data, appending data min 0.0, mean 1.7372274797e-314, max 6.9276868887546e-310, standard derivative 0.0, shape (5, 10, 100, 110), dtype float64.
[DEBUG]	2019-04-16 03:57:12,711: Data has been appended to /extra_data with shape (5, 10, 100, 110). Current dataset extra_data shape (65, 10, 100, 110).
[DEBUG]	2019-04-16 03:57:12,711: TIMING: recorder take 0.019755840301513672 seconds to store (5, 10, 100, 110) data.
[DEBUG]	2019-04-16 03:57:12,713: Have collected 5 data, prepare to store it. Totally passed 70 data.
[DEBUG]	2019-04-16 03:57:12,731: Current dataset frame, appending data min 0.0, mean 2.3298934137e-314, max 6.9276868888534e-310, standard derivative 0.0, shape (5, 10, 100, 110), dtype float64.
[DEBUG]	2019-04-16 03:57:12,733: Data has been appended to /frame with shape (5, 10, 100, 110). Current dataset frame shape (65, 10, 100, 110).
[DEBUG]	2019-04-16 03:57:12,734: TIMING: recorder take 0.02074718475341797 seconds to store (5, 10, 100, 110) data.
[DEBUG]	2019-04-16 03:57:12,737: Have collected 5 data, prepare to store it. Totally passed 75 data.
[DEBUG]	2019-04-16 03:57:12,737: Current dataset timestamp, appending data min 1555358232.735467, mean 1555358232.7362049, max 1555358232.7369282, standard derivative 0.0005149798039855031, shape (5,), dtype float64.
[DEBUG]	2019-04-16 03:57:12,740: Data has been appended to /timestamp with shape (5,). Current dataset timestamp shape (70,).
[DEBUG]	2019-04-16 03:57:12,740: TIMING: recorder take 0.0031316280364990234 seconds to store (5,) data.
[DEBUG]	2019-04-16 03:57:12,741: Have collected 5 data, prepare to store it. Totally passed 75 data.
[DEBUG]	2019-04-16 03:57:12,760: Current dataset lidar_data, appending data min 0.0, mean 2.2002888017e-314, max 6.9276868888534e-310, standard derivative 0.0, shape (5, 10, 100, 110), dtype float64.
[DEBUG]	2019-04-16 03:57:12,763: Data has been appended to /lidar_data with shape (5, 10, 100, 110). Current dataset lidar_data shape (70, 10, 100, 110).
[DEBUG]	2019-04-16 03:57:12,763: TIMING: recorder take 0.02195453643798828 seconds to store (5, 10, 100, 110) data.
[DEBUG]	2019-04-16 03:57:12,764: Have collected 5 data, prepare to store it. Totally passed 75 data.
[DEBUG]	2019-04-16 03:57:12,783: Current dataset extra_data, appending data min 0.0, mean 1.9076024994e-314, max 6.9276868887546e-310, standard derivative 0.0, shape (5, 10, 100, 110), dtype float64.
[DEBUG]	2019-04-16 03:57:12,786: Data has been appended to /extra_data with shape (5, 10, 100, 110). Current dataset extra_data shape (70, 10, 100, 110).
[DEBUG]	2019-04-16 03:57:12,786: TIMING: recorder take 0.02152729034423828 seconds to store (5, 10, 100, 110) data.
[DEBUG]	2019-04-16 03:57:12,788: Have collected 5 data, prepare to store it. Totally passed 75 data.
[DEBUG]	2019-04-16 03:57:12,806: Current dataset frame, appending data min 0.0, mean 2.1595183856e-314, max 6.9276868887546e-310, standard derivative 0.0, shape (5, 10, 100, 110), dtype float64.
[DEBUG]	2019-04-16 03:57:12,810: Data has been appended to /frame with shape (5, 10, 100, 110). Current dataset frame shape (70, 10, 100, 110).
[DEBUG]	2019-04-16 03:57:12,811: TIMING: recorder take 0.022608518600463867 seconds to store (5, 10, 100, 110) data.
[DEBUG]	2019-04-16 03:57:12,813: Have collected 5 data, prepare to store it. Totally passed 80 data.
[DEBUG]	2019-04-16 03:57:12,814: Current dataset timestamp, appending data min 1555358232.812278, mean 1555358232.8129652, max 1555358232.8136432, standard derivative 0.00048173952127180737, shape (5,), dtype float64.
[DEBUG]	2019-04-16 03:57:12,816: Data has been appended to /timestamp with shape (5,). Current dataset timestamp shape (75,).
[DEBUG]	2019-04-16 03:57:12,816: TIMING: recorder take 0.0028076171875 seconds to store (5,) data.
[DEBUG]	2019-04-16 03:57:12,817: Have collected 5 data, prepare to store it. Totally passed 80 data.
[DEBUG]	2019-04-16 03:57:12,835: Current dataset lidar_data, appending data min 0.0, mean 2.029913763e-314, max 6.9276868888534e-310, standard derivative 0.0, shape (5, 10, 100, 110), dtype float64.
[DEBUG]	2019-04-16 03:57:12,837: Data has been appended to /lidar_data with shape (5, 10, 100, 110). Current dataset lidar_data shape (75, 10, 100, 110).
[DEBUG]	2019-04-16 03:57:12,838: TIMING: recorder take 0.020476341247558594 seconds to store (5, 10, 100, 110) data.
[DEBUG]	2019-04-16 03:57:12,839: Have collected 5 data, prepare to store it. Totally passed 80 data.
[DEBUG]	2019-04-16 03:57:12,856: Current dataset extra_data, appending data min 0.0, mean 1.7779978806e-314, max 6.9276868888534e-310, standard derivative 0.0, shape (5, 10, 100, 110), dtype float64.
[DEBUG]	2019-04-16 03:57:12,859: Data has been appended to /extra_data with shape (5, 10, 100, 110). Current dataset extra_data shape (75, 10, 100, 110).
[DEBUG]	2019-04-16 03:57:12,859: TIMING: recorder take 0.019798994064331055 seconds to store (5, 10, 100, 110) data.
[DEBUG]	2019-04-16 03:57:12,861: Have collected 5 data, prepare to store it. Totally passed 80 data.
[DEBUG]	2019-04-16 03:57:12,881: Current dataset frame, appending data min 0.0, mean 2.500268435e-314, max 6.9276868887546e-310, standard derivative 0.0, shape (5, 10, 100, 110), dtype float64.
[DEBUG]	2019-04-16 03:57:12,883: Data has been appended to /frame with shape (5, 10, 100, 110). Current dataset frame shape (75, 10, 100, 110).
[DEBUG]	2019-04-16 03:57:12,884: TIMING: recorder take 0.022727251052856445 seconds to store (5, 10, 100, 110) data.
[DEBUG]	2019-04-16 03:57:12,887: Have collected 5 data, prepare to store it. Totally passed 85 data.
[DEBUG]	2019-04-16 03:57:12,887: Current dataset timestamp, appending data min 1555358232.8855388, mean 1555358232.8862598, max 1555358232.8869576, standard derivative 0.0005016912038203641, shape (5,), dtype float64.
[DEBUG]	2019-04-16 03:57:12,890: Data has been appended to /timestamp with shape (5,). Current dataset timestamp shape (80,).
[DEBUG]	2019-04-16 03:57:12,890: TIMING: recorder take 0.0032498836517333984 seconds to store (5,) data.
[DEBUG]	2019-04-16 03:57:12,891: Have collected 5 data, prepare to store it. Totally passed 85 data.
[DEBUG]	2019-04-16 03:57:12,907: Current dataset lidar_data, appending data min 0.0, mean 2.329893413e-314, max 6.9276868888534e-310, standard derivative 0.0, shape (5, 10, 100, 110), dtype float64.
[DEBUG]	2019-04-16 03:57:12,910: Data has been appended to /lidar_data with shape (5, 10, 100, 110). Current dataset lidar_data shape (80, 10, 100, 110).
[DEBUG]	2019-04-16 03:57:12,911: TIMING: recorder take 0.019496679306030273 seconds to store (5, 10, 100, 110) data.
[DEBUG]	2019-04-16 03:57:12,912: Have collected 5 data, prepare to store it. Totally passed 85 data.
[DEBUG]	2019-04-16 03:57:12,931: Current dataset extra_data, appending data min 0.0, mean 1.7372274846e-314, max 6.9276868887546e-310, standard derivative 0.0, shape (5, 10, 100, 110), dtype float64.
[DEBUG]	2019-04-16 03:57:12,934: Data has been appended to /extra_data with shape (5, 10, 100, 110). Current dataset extra_data shape (80, 10, 100, 110).
[DEBUG]	2019-04-16 03:57:12,935: TIMING: recorder take 0.021879196166992188 seconds to store (5, 10, 100, 110) data.
[DEBUG]	2019-04-16 03:57:12,936: Have collected 5 data, prepare to store it. Totally passed 85 data.
[DEBUG]	2019-04-16 03:57:12,953: Current dataset frame, appending data min 0.0, mean 2.3298934127e-314, max 6.9276868888534e-310, standard derivative 0.0, shape (5, 10, 100, 110), dtype float64.
[DEBUG]	2019-04-16 03:57:12,956: Data has been appended to /frame with shape (5, 10, 100, 110). Current dataset frame shape (80, 10, 100, 110).
[DEBUG]	2019-04-16 03:57:12,957: TIMING: recorder take 0.020286083221435547 seconds to store (5, 10, 100, 110) data.
[DEBUG]	2019-04-16 03:57:12,959: Have collected 5 data, prepare to store it. Totally passed 90 data.
[DEBUG]	2019-04-16 03:57:12,960: Current dataset timestamp, appending data min 1555358232.9581835, mean 1555358232.959064, max 1555358232.9598465, standard derivative 0.0005797120075014647, shape (5,), dtype float64.
[DEBUG]	2019-04-16 03:57:12,963: Data has been appended to /timestamp with shape (5,). Current dataset timestamp shape (85,).
[DEBUG]	2019-04-16 03:57:12,963: TIMING: recorder take 0.0033245086669921875 seconds to store (5,) data.
[DEBUG]	2019-04-16 03:57:12,964: Have collected 5 data, prepare to store it. Totally passed 90 data.
[DEBUG]	2019-04-16 03:57:12,982: Current dataset lidar_data, appending data min 0.0, mean 2.200288794e-314, max 6.9276868888534e-310, standard derivative 0.0, shape (5, 10, 100, 110), dtype float64.
[DEBUG]	2019-04-16 03:57:12,985: Data has been appended to /lidar_data with shape (5, 10, 100, 110). Current dataset lidar_data shape (85, 10, 100, 110).
[DEBUG]	2019-04-16 03:57:12,985: TIMING: recorder take 0.021298885345458984 seconds to store (5, 10, 100, 110) data.
[DEBUG]	2019-04-16 03:57:12,987: Have collected 5 data, prepare to store it. Totally passed 90 data.
[DEBUG]	2019-04-16 03:57:13,004: Current dataset extra_data, appending data min 0.0, mean 2.0372071297e-314, max 6.9276868887546e-310, standard derivative 0.0, shape (5, 10, 100, 110), dtype float64.
[DEBUG]	2019-04-16 03:57:13,007: Data has been appended to /extra_data with shape (5, 10, 100, 110). Current dataset extra_data shape (85, 10, 100, 110).
[DEBUG]	2019-04-16 03:57:13,008: TIMING: recorder take 0.02042531967163086 seconds to store (5, 10, 100, 110) data.
[DEBUG]	2019-04-16 03:57:13,009: Have collected 5 data, prepare to store it. Totally passed 90 data.
[DEBUG]	2019-04-16 03:57:13,028: Current dataset frame, appending data min 0.0, mean 2.1595183846e-314, max 6.9276868887546e-310, standard derivative 0.0, shape (5, 10, 100, 110), dtype float64.
[DEBUG]	2019-04-16 03:57:13,032: Data has been appended to /frame with shape (5, 10, 100, 110). Current dataset frame shape (85, 10, 100, 110).
[DEBUG]	2019-04-16 03:57:13,033: TIMING: recorder take 0.02275252342224121 seconds to store (5, 10, 100, 110) data.
[DEBUG]	2019-04-16 03:57:13,035: Have collected 5 data, prepare to store it. Totally passed 95 data.
[DEBUG]	2019-04-16 03:57:13,036: Current dataset timestamp, appending data min 1555358233.0344496, mean 1555358233.0351684, max 1555358233.0358696, standard derivative 0.000499375383218467, shape (5,), dtype float64.
[DEBUG]	2019-04-16 03:57:13,039: Data has been appended to /timestamp with shape (5,). Current dataset timestamp shape (90,).
[DEBUG]	2019-04-16 03:57:13,039: TIMING: recorder take 0.0034339427947998047 seconds to store (5,) data.
[DEBUG]	2019-04-16 03:57:13,040: Have collected 5 data, prepare to store it. Totally passed 95 data.
[DEBUG]	2019-04-16 03:57:13,059: Current dataset lidar_data, appending data min 0.0, mean 2.029913771e-314, max 6.9276868888534e-310, standard derivative 0.0, shape (5, 10, 100, 110), dtype float64.
[DEBUG]	2019-04-16 03:57:13,062: Data has been appended to /lidar_data with shape (5, 10, 100, 110). Current dataset lidar_data shape (90, 10, 100, 110).
[DEBUG]	2019-04-16 03:57:13,062: TIMING: recorder take 0.0218508243560791 seconds to store (5, 10, 100, 110) data.
[DEBUG]	2019-04-16 03:57:13,063: Have collected 5 data, prepare to store it. Totally passed 95 data.
[DEBUG]	2019-04-16 03:57:13,081: Current dataset extra_data, appending data min 0.0, mean 1.907602517e-314, max 6.9276868888534e-310, standard derivative 0.0, shape (5, 10, 100, 110), dtype float64.
[DEBUG]	2019-04-16 03:57:13,084: Data has been appended to /extra_data with shape (5, 10, 100, 110). Current dataset extra_data shape (90, 10, 100, 110).
[DEBUG]	2019-04-16 03:57:13,085: TIMING: recorder take 0.020925521850585938 seconds to store (5, 10, 100, 110) data.
[DEBUG]	2019-04-16 03:57:13,086: Have collected 5 data, prepare to store it. Totally passed 95 data.
[DEBUG]	2019-04-16 03:57:13,107: Current dataset frame, appending data min 0.0, mean 2.4594980188e-314, max 6.9276868887546e-310, standard derivative 0.0, shape (5, 10, 100, 110), dtype float64.
[DEBUG]	2019-04-16 03:57:13,109: Data has been appended to /frame with shape (5, 10, 100, 110). Current dataset frame shape (90, 10, 100, 110).
[DEBUG]	2019-04-16 03:57:13,110: TIMING: recorder take 0.023159027099609375 seconds to store (5, 10, 100, 110) data.
